<?xml version="1.0" encoding="UTF-8"?>
<!-- Generated by org.testng.reporters.JUnitReportReporter -->
<testsuite skipped="0" hostname="YLT" name="cn.springmvc.test.getUserLanguageTest" tests="1" failures="0" timestamp="25 Jul 2018 06:16:03 GMT" time="0.004" errors="0">
  <testcase name="getResult" time="0.004" classname="cn.springmvc.test.getUserLanguageTest"/>
</testsuite> <!-- cn.springmvc.test.getUserLanguageTest -->
