<?xml version="1.0" encoding="UTF-8"?>
<!-- Generated by org.testng.reporters.JUnitReportReporter -->
<testsuite skipped="0" hostname="YLT" name="cn.springmvc.test.calculateIntimacyTest" tests="1" failures="0" timestamp="25 Jul 2018 06:16:03 GMT" time="4.866" errors="0">
  <testcase name="timeTest" time="4.866" classname="cn.springmvc.test.calculateIntimacyTest"/>
</testsuite> <!-- cn.springmvc.test.calculateIntimacyTest -->
